<?xml version="1.0" encoding="UTF-8"?>
<!-- Generated by org.testng.reporters.JUnitReportReporter -->
<testsuite name="hybridApplication.MultitouchAppDemo" tests="1" time="444.742" ignored="0" failures="0" timestamp="04 Dec 2019 11:07:41 GMT" skipped="0" hostname="P3ALAP-G01FTQF" errors="0">
  <testcase name="f" time="444.742" classname="hybridApplication.MultitouchAppDemo"/>
</testsuite> <!-- hybridApplication.MultitouchAppDemo -->
