<?xml version="1.0" encoding="UTF-8"?>
<!-- Generated by org.testng.reporters.JUnitReportReporter -->
<testsuite name="hybridApplication.DemoOrientation" tests="1" time="18.432" ignored="0" failures="0" timestamp="04 Dec 2019 10:38:40 GMT" skipped="0" hostname="P3ALAP-G01FTQF" errors="0">
  <testcase name="f" time="18.432" classname="hybridApplication.DemoOrientation"/>
</testsuite> <!-- hybridApplication.DemoOrientation -->
