<?xml version="1.0" encoding="UTF-8"?>
<!-- Generated by org.testng.reporters.JUnitReportReporter -->
<testsuite name="hybridApplication.PressButtonDemo" tests="1" time="24.440" ignored="0" failures="0" timestamp="04 Dec 2019 07:19:27 GMT" skipped="0" hostname="P3ALAP-G01FTQF" errors="0">
  <testcase name="f" time="24.440" classname="hybridApplication.PressButtonDemo"/>
</testsuite> <!-- hybridApplication.PressButtonDemo -->
