<?xml version="1.0" encoding="UTF-8"?>
<!-- Generated by org.testng.reporters.JUnitReportReporter -->
<testsuite name="hybridApplication.HybridAssignment" tests="1" time="32.899" ignored="0" failures="0" timestamp="04 Dec 2019 11:40:14 GMT" skipped="0" hostname="P3ALAP-G01FTQF" errors="0">
  <testcase name="f" time="32.899" classname="hybridApplication.HybridAssignment"/>
</testsuite> <!-- hybridApplication.HybridAssignment -->
