<?xml version="1.0" encoding="UTF-8"?>
<!-- Generated by org.testng.reporters.JUnitReportReporter -->
<testsuite name="hybridApplication.InstallAppDemo" tests="1" time="0.005" ignored="0" failures="0" timestamp="03 Dec 2019 11:35:23 GMT" skipped="0" hostname="P3ALAP-G01FTQF" errors="0">
  <testcase name="f" time="0.005" classname="hybridApplication.InstallAppDemo"/>
</testsuite> <!-- hybridApplication.InstallAppDemo -->
