<?xml version="1.0" encoding="UTF-8"?>
<!-- Generated by org.testng.reporters.JUnitReportReporter -->
<testsuite name="hybridApplication.ScrollDemo" tests="1" time="188.269" ignored="0" failures="0" timestamp="04 Dec 2019 10:11:50 GMT" skipped="0" hostname="P3ALAP-G01FTQF" errors="0">
  <testcase name="f" time="188.269" classname="hybridApplication.ScrollDemo"/>
</testsuite> <!-- hybridApplication.ScrollDemo -->
