<?xml version="1.0" encoding="UTF-8"?>
<!-- Generated by org.testng.reporters.JUnitReportReporter -->
<testsuite name="hybridApplication.DragandDrop" tests="1" time="46.347" ignored="0" failures="0" timestamp="04 Dec 2019 05:11:13 GMT" skipped="0" hostname="P3ALAP-G01FTQF" errors="0">
  <testcase name="f" time="46.347" classname="hybridApplication.DragandDrop"/>
</testsuite> <!-- hybridApplication.DragandDrop -->
